info  Running SUSHI v3.16.5 (implements FHIR Shorthand specification v3.0.0)
info  Arguments:
info    --snapshot
info    P:\source\repos\rki.emiga.common\rki.emiga.commonR6
info  No output path specified. Output to P:\source\repos\rki.emiga.common\rki.emiga.commonR6
info  Using configuration file: P:\source\repos\rki.emiga.common\rki.emiga.commonR6\sushi-config.yaml
info  Importing FSH text...
info  Preprocessed 69 documents with 59 aliases.
info  Imported 55 definitions and 12 instances.
warn  Detected FSH entity definitions with duplicate names. While FSH allows for duplicate names across entity types, they can lead to ambiguous results when referring to these entities by name elsewhere (e.g., in references). Consider using unique names in FSH declarations and assigning duplicated names using caret assignment rules instead. Detected duplicate names: NullFlavor, ProcessingStatus, Salutation, ConceptDesignationUse, PersonalInformation, RegionKeys, Relevance, ResourceResponsibility, ResourceVisibilityType.
warn  SUSHI support for pre-release versions of FHIR is experimental. Use at your own risk!
warn  Failed to load automatically-provided hl7.fhir.uv.tools.r5#latest
warn  Failed to load automatically-provided hl7.terminology.r5#latest
warn  Failed to load automatically-provided hl7.fhir.uv.extensions.r5#latest
info  Loaded de.basisprofil.r4#1.5.4 with 168 resources
info  Loaded hl7.fhir.r4.core#4.0.1 with 4581 resources
info  Loaded rki.demis.common#2.0.0 with 50 resources
info  Loaded rki.demis.disease#2.0.0 with 376 resources
info  Loaded hl7.fhir.r6.core#6.0.0-ballot3 with 3113 resources
info  Loaded virtual package sushi-local#LOCAL with 0 resources
info  Converting FSH to FHIR resources...
info  Converted 20 FHIR StructureDefinitions.
info  Converted 13 FHIR CodeSystems.
info  Converted 22 FHIR ValueSets.
info  Converted 12 FHIR instances.
info  Exporting FHIR resources as JSON...
warn  The array 'payload' in Communication441557618 is missing values at the following indices: 0
info  Exported 65 FHIR resources as JSON.
info  Assembling Implementation Guide sources...
info  Generated ImplementationGuide-rki.emiga.common.json
info  Assembled Implementation Guide sources; ready for IG Publisher.
info  The sample-ig located at https://github.com/FHIR/sample-ig contains scripts useful for downloading and running the IG Publisher.

========================= SUSHI RESULTS ===========================
|  -------------------------------------------------------------  |
| |    Profiles   |  Extensions  |   Logicals   |   Resources   | |
| |-------------------------------------------------------------| |
| |      11       |      9       |      0       |       0       | |
|  -------------------------------------------------------------  |
|  -------------------------------------------------------------  |
| |      ValueSets     |    CodeSystems    |     Instances      | |
| |-------------------------------------------------------------| |
| |         22         |        13         |         12         | |
|  -------------------------------------------------------------  |
|                                                                 |
===================================================================
| Maybe you should scale back            0 Errors      6 Warnings |
===================================================================
|    You are using SUSHI version 3.16.5, but the latest stable    |
| release is version 3.19.0. To install the latest release, run:  |
|                    npm install -g fsh-sushi                     |
===================================================================

